
2022/10/12 (11:31:29) | ===> btop++ v.1.2.9
2022/10/12 (11:31:29) | ERROR: No UTF-8 locale detected!
Use --utf-force argument to force start if you're sure your terminal can handle it.

2022/10/12 (11:41:11) | ===> btop++ v.1.2.9
2022/10/12 (11:41:11) | ERROR: No UTF-8 locale detected!
Use --utf-force argument to force start if you're sure your terminal can handle it.

2022/10/12 (11:41:17) | ===> btop++ v.1.2.9
2022/10/12 (11:41:17) | WARNING: No UTF-8 locale detected! Forcing start with --utf-force argument.
2022/10/12 (11:42:09) | WARNING: Failed to join _runner thread on exit!

2022/10/12 (11:42:13) | ===> btop++ v.1.2.9
2022/10/12 (11:42:13) | WARNING: No UTF-8 locale detected! Forcing start with --utf-force argument.
2022/10/12 (11:42:59) | WARNING: Failed to join _runner thread on exit!

2022/11/01 (11:24:51) | ===> btop++ v.1.2.12
2022/11/01 (11:24:51) | ERROR: No UTF-8 locale detected!
Use --utf-force argument to force start if you're sure your terminal can handle it.

2022/11/01 (11:25:12) | ===> btop++ v.1.2.12
2022/11/01 (11:25:12) | WARNING: No UTF-8 locale detected! Forcing start with --utf-force argument.

2022/11/01 (11:43:13) | ===> btop++ v.1.2.12
2022/11/01 (11:43:13) | ERROR: No UTF-8 locale detected!
Use --utf-force argument to force start if you're sure your terminal can handle it.

2022/11/01 (11:43:15) | ===> btop++ v.1.2.12
2022/11/01 (11:43:15) | WARNING: No UTF-8 locale detected! Forcing start with --utf-force argument.

2022/11/01 (12:10:27) | ===> btop++ v.1.2.12
2022/11/01 (12:10:27) | WARNING: No UTF-8 locale detected! Forcing start with --utf-force argument.

2022/11/01 (23:45:22) | ===> btop++ v.1.2.12
2022/11/01 (23:45:22) | ERROR: No UTF-8 locale detected!
Use --utf-force argument to force start if you're sure your terminal can handle it.

2022/11/01 (23:45:28) | ===> btop++ v.1.2.12
2022/11/01 (23:45:28) | WARNING: No UTF-8 locale detected! Forcing start with --utf-force argument.

2022/11/01 (23:47:09) | ===> btop++ v.1.2.12
2022/11/01 (23:47:09) | WARNING: No UTF-8 locale detected! Forcing start with --utf-force argument.

2022/11/02 (00:10:04) | ===> btop++ v.1.2.12
2022/11/02 (00:10:04) | WARNING: No UTF-8 locale detected! Forcing start with --utf-force argument.

2022/11/02 (00:15:42) | ===> btop++ v.1.2.12
2022/11/02 (00:15:42) | WARNING: No UTF-8 locale detected! Forcing start with --utf-force argument.

2022/11/02 (08:37:28) | ===> btop++ v.1.2.12
2022/11/02 (08:37:28) | WARNING: No UTF-8 locale detected! Forcing start with --utf-force argument.

2022/11/03 (10:05:17) | ===> btop++ v.1.2.12
2022/11/03 (10:05:17) | WARNING: No UTF-8 locale detected! Forcing start with --utf-force argument.

2022/11/05 (13:46:01) | ===> btop++ v.1.2.12
2022/11/05 (13:46:01) | WARNING: No UTF-8 locale detected! Forcing start with --utf-force argument.

2022/11/05 (15:29:14) | ===> btop++ v.1.2.12
2022/11/05 (15:29:14) | WARNING: No UTF-8 locale detected! Forcing start with --utf-force argument.

2022/11/05 (15:34:38) | ===> btop++ v.1.2.12
2022/11/05 (15:34:38) | WARNING: No UTF-8 locale detected! Forcing start with --utf-force argument.

2022/11/05 (15:45:36) | ===> btop++ v.1.2.12
2022/11/05 (15:45:36) | WARNING: No UTF-8 locale detected! Forcing start with --utf-force argument.
2022/11/05 (15:45:38) | WARNING: Failed to join _runner thread on exit!

2022/11/05 (16:55:38) | ===> btop++ v.1.2.12
2022/11/05 (16:55:38) | ERROR: No UTF-8 locale detected!
Use --utf-force argument to force start if you're sure your terminal can handle it.

2022/11/05 (16:55:45) | ===> btop++ v.1.2.12
2022/11/05 (16:55:45) | WARNING: No UTF-8 locale detected! Forcing start with --utf-force argument.

2022/11/05 (16:56:13) | ===> btop++ v.1.2.12
2022/11/05 (16:56:13) | WARNING: No UTF-8 locale detected! Forcing start with --utf-force argument.

2022/11/05 (16:58:45) | ===> btop++ v.1.2.12
2022/11/05 (16:58:45) | WARNING: No UTF-8 locale detected! Forcing start with --utf-force argument.

2022/11/05 (16:58:52) | ===> btop++ v.1.2.12
2022/11/05 (16:58:52) | WARNING: No UTF-8 locale detected! Forcing start with --utf-force argument.

2022/11/05 (16:59:24) | ===> btop++ v.1.2.12
2022/11/05 (16:59:24) | WARNING: No UTF-8 locale detected! Forcing start with --utf-force argument.

2022/11/05 (17:33:22) | ===> btop++ v.1.2.12
2022/11/05 (17:33:22) | WARNING: No UTF-8 locale detected! Forcing start with --utf-force argument.
2022/11/05 (17:33:29) | WARNING: Failed to join _runner thread on exit!

2022/11/05 (22:12:49) | ===> btop++ v.1.2.12
2022/11/05 (22:12:49) | WARNING: No UTF-8 locale detected! Forcing start with --utf-force argument.

2022/11/06 (12:44:58) | ===> btop++ v.1.2.12
2022/11/06 (12:44:58) | WARNING: No UTF-8 locale detected! Forcing start with --utf-force argument.

2022/11/06 (12:54:23) | ===> btop++ v.1.2.12
2022/11/06 (12:54:23) | WARNING: No UTF-8 locale detected! Forcing start with --utf-force argument.

2022/11/06 (15:54:27) | ===> btop++ v.1.2.12
2022/11/06 (15:54:27) | WARNING: No UTF-8 locale detected! Forcing start with --utf-force argument.

2022/11/06 (18:42:39) | ===> btop++ v.1.2.12
2022/11/06 (18:42:39) | WARNING: No UTF-8 locale detected! Forcing start with --utf-force argument.

2022/11/06 (19:07:33) | ===> btop++ v.1.2.12
2022/11/06 (19:07:33) | WARNING: No UTF-8 locale detected! Forcing start with --utf-force argument.

2022/11/06 (19:08:55) | ===> btop++ v.1.2.12
2022/11/06 (19:08:55) | WARNING: No UTF-8 locale detected! Forcing start with --utf-force argument.

2022/11/06 (19:11:42) | ===> btop++ v.1.2.12
2022/11/06 (19:11:42) | WARNING: No UTF-8 locale detected! Forcing start with --utf-force argument.

2022/11/06 (19:16:56) | ===> btop++ v.1.2.12
2022/11/06 (19:16:56) | WARNING: No UTF-8 locale detected! Forcing start with --utf-force argument.

2022/11/06 (19:18:08) | ===> btop++ v.1.2.12
2022/11/06 (19:18:08) | WARNING: No UTF-8 locale detected! Forcing start with --utf-force argument.

2022/11/06 (19:43:31) | ===> btop++ v.1.2.12
2022/11/06 (19:43:31) | WARNING: No UTF-8 locale detected! Forcing start with --utf-force argument.

2022/11/10 (15:25:13) | ===> btop++ v.1.2.13
2022/11/10 (15:25:13) | ERROR: No UTF-8 locale detected!
Use --utf-force argument to force start if you're sure your terminal can handle it.

2022/11/10 (15:25:15) | ===> btop++ v.1.2.13
2022/11/10 (15:25:15) | WARNING: No UTF-8 locale detected! Forcing start with --utf-force argument.

2022/11/10 (15:25:47) | ===> btop++ v.1.2.13
2022/11/10 (15:25:47) | WARNING: No UTF-8 locale detected! Forcing start with --utf-force argument.

2022/11/10 (18:03:03) | ===> btop++ v.1.2.13
2022/11/10 (18:03:03) | WARNING: No UTF-8 locale detected! Forcing start with --utf-force argument.

2022/11/12 (13:43:08) | ===> btop++ v.1.2.13
2022/11/12 (13:43:08) | WARNING: No UTF-8 locale detected! Forcing start with --utf-force argument.

2022/11/12 (14:48:17) | ===> btop++ v.1.2.13
2022/11/12 (14:48:17) | WARNING: No UTF-8 locale detected! Forcing start with --utf-force argument.

2022/11/13 (18:52:56) | ===> btop++ v.1.2.13
2022/11/13 (18:52:56) | WARNING: No UTF-8 locale detected! Forcing start with --utf-force argument.

2022/11/13 (21:47:01) | ===> btop++ v.1.2.13
2022/11/13 (21:47:01) | WARNING: No UTF-8 locale detected! Forcing start with --utf-force argument.

2022/11/13 (21:50:50) | ===> btop++ v.1.2.13
2022/11/13 (21:50:50) | WARNING: Failed to join _runner thread on exit!

2022/11/13 (21:55:01) | ===> btop++ v.1.2.13
2022/11/13 (21:55:01) | WARNING: No UTF-8 locale detected! Forcing start with --utf-force argument.

2022/11/13 (21:55:15) | ===> btop++ v.1.2.13
2022/11/13 (21:55:15) | WARNING: No UTF-8 locale detected! Forcing start with --utf-force argument.

2022/11/23 (16:43:44) | ===> btop++ v.1.2.13
2022/11/23 (16:43:44) | ERROR: No UTF-8 locale detected!
Use --utf-force argument to force start if you're sure your terminal can handle it.

2022/11/23 (17:26:44) | ===> btop++ v.1.2.13
2022/11/23 (17:26:44) | ERROR: No UTF-8 locale detected!
Use --utf-force argument to force start if you're sure your terminal can handle it.

2022/11/23 (17:26:59) | ===> btop++ v.1.2.13
2022/11/23 (17:26:59) | WARNING: No UTF-8 locale detected! Forcing start with --utf-force argument.

2022/11/23 (17:37:41) | ===> btop++ v.1.2.13
2022/11/23 (17:37:41) | WARNING: No UTF-8 locale detected! Forcing start with --utf-force argument.
2022/11/23 (17:44:45) | WARNING: Failed to join _runner thread on exit!

2022/11/23 (17:44:47) | ===> btop++ v.1.2.13
2022/11/23 (17:44:47) | ERROR: No UTF-8 locale detected!
Use --utf-force argument to force start if you're sure your terminal can handle it.

2022/11/23 (17:44:50) | ===> btop++ v.1.2.13
2022/11/23 (17:44:50) | WARNING: No UTF-8 locale detected! Forcing start with --utf-force argument.

2022/11/23 (18:04:47) | ===> btop++ v.1.2.13
2022/11/23 (18:04:47) | ERROR: No UTF-8 locale detected!
Use --utf-force argument to force start if you're sure your terminal can handle it.

2022/11/23 (18:04:53) | ===> btop++ v.1.2.13
2022/11/23 (18:04:53) | WARNING: No UTF-8 locale detected! Forcing start with --utf-force argument.

2022/11/23 (18:06:26) | ===> btop++ v.1.2.13
2022/11/23 (18:06:26) | WARNING: No UTF-8 locale detected! Forcing start with --utf-force argument.

2022/11/23 (18:37:40) | ===> btop++ v.1.2.13
2022/11/23 (18:37:40) | WARNING: Failed to join _runner thread on exit!

2022/11/24 (16:11:58) | ===> btop++ v.1.2.13
2022/11/24 (16:11:58) | WARNING: Failed to join _runner thread on exit!

2022/11/28 (15:53:08) | ===> btop++ v.1.2.13
2022/11/28 (15:53:08) | WARNING: Failed to join _runner thread on exit!

2022/11/28 (16:10:00) | ===> btop++ v.1.2.13
2022/11/28 (16:10:00) | WARNING: Failed to join _runner thread on exit!

2022/11/28 (23:34:03) | ===> btop++ v.1.2.13
2022/11/28 (23:34:03) | WARNING: Failed to join _runner thread on exit!

2022/12/01 (12:35:00) | ===> btop++ v.1.2.13
2022/12/01 (12:35:00) | WARNING: Failed to join _runner thread on exit!

2022/12/01 (15:29:23) | ===> btop++ v.1.2.13
2022/12/01 (15:29:23) | WARNING: Failed to join _runner thread on exit!
